{"uuid":"9f7046f6-bfe4-4894-802e-92225c0e7d9b","historyId":"38c11030b776a7902fe8867b5bcfab1c","fullName":"src/test/resources/Eshop/AddProductsToCart.feature:14","labels":[{"name":"tag","value":"testcase2"},{"name":"host","value":"Aya"},{"name":"thread","value":"9552@Aya.main(1)"},{"name":"feature","value":"Login and Add Products to Cart"},{"name":"story","value":"Add three products to cart"},{"name":"suite","value":"Login and Add Products to Cart"},{"name":"testClass","value":"Add three products to cart"},{"name":"framework","value":"cucumber4jvm"},{"name":"language","value":"java"},{"name":"gherkin_uri","value":"file:///C:/Users/Computer%20City/Downloads/Eshop_AutomationTask/src/test/resources/Eshop/AddProductsToCart.feature"},{"name":"package","value":"src.test.resources.Eshop.AddProductsToCart_feature.Login and Add Products to Cart"}],"links":[],"name":"Add three products to cart","status":"failed","statusDetails":{"known":false,"muted":false,"flaky":false,"message":"expected [3] but found [2]","trace":"java.lang.AssertionError: expected [3] but found [2]\r\n\tat org.testng.Assert.fail(Assert.java:111)\r\n\tat org.testng.Assert.failNotEquals(Assert.java:1578)\r\n\tat org.testng.Assert.assertEqualsImpl(Assert.java:150)\r\n\tat org.testng.Assert.assertEquals(Assert.java:132)\r\n\tat org.testng.Assert.assertEquals(Assert.java:656)\r\n\tat org.testng.Assert.assertEquals(Assert.java:666)\r\n\tat Eshop.com.pages.Eshop.MainPage_AddProducts.CheckIfThreeItemsAddedToTheCart(MainPage_AddProducts.java:91)\r\n\tat steps.Eshop.MainPage_AddProductsToCart.userShouldSeeTheThreeProductsAddedToTheCartSuccessfully(MainPage_AddProductsToCart.java:33)\r\n\tat ✽.User should see the three products added to the cart successfully(file:///C:/Users/Computer%20City/Downloads/Eshop_AutomationTask/src/test/resources/Eshop/AddProductsToCart.feature:18)\r\n"},"stage":"finished","steps":[{"name":"Given  User is on the Main Page","status":"passed","statusDetails":{"known":false,"muted":false,"flaky":false},"stage":"finished","steps":[],"attachments":[],"parameters":[],"start":1748891406413,"stop":1748891407904},{"name":"And  User adds two products from the main page","status":"passed","statusDetails":{"known":false,"muted":false,"flaky":false},"stage":"finished","steps":[],"attachments":[],"parameters":[],"start":1748891407908,"stop":1748891417390},{"name":"And  User adds one product by searching for a specific item","status":"passed","statusDetails":{"known":false,"muted":false,"flaky":false},"stage":"finished","steps":[],"attachments":[],"parameters":[],"start":1748891417390,"stop":1748891420944},{"name":"Then  User should see the three products added to the cart successfully","status":"failed","statusDetails":{"known":false,"muted":false,"flaky":false,"message":"expected [3] but found [2]","trace":"java.lang.AssertionError: expected [3] but found [2]\r\n\tat org.testng.Assert.fail(Assert.java:111)\r\n\tat org.testng.Assert.failNotEquals(Assert.java:1578)\r\n\tat org.testng.Assert.assertEqualsImpl(Assert.java:150)\r\n\tat org.testng.Assert.assertEquals(Assert.java:132)\r\n\tat org.testng.Assert.assertEquals(Assert.java:656)\r\n\tat org.testng.Assert.assertEquals(Assert.java:666)\r\n\tat Eshop.com.pages.Eshop.MainPage_AddProducts.CheckIfThreeItemsAddedToTheCart(MainPage_AddProducts.java:91)\r\n\tat steps.Eshop.MainPage_AddProductsToCart.userShouldSeeTheThreeProductsAddedToTheCartSuccessfully(MainPage_AddProductsToCart.java:33)\r\n\tat ✽.User should see the three products added to the cart successfully(file:///C:/Users/Computer%20City/Downloads/Eshop_AutomationTask/src/test/resources/Eshop/AddProductsToCart.feature:18)\r\n"},"stage":"finished","steps":[],"attachments":[],"parameters":[],"start":1748891420944,"stop":1748891423483}],"attachments":[],"parameters":[],"start":1748891406411,"stop":1748891423486}