{"uuid":"d1b46af0-6b4c-42a4-a72f-dd137d6393c2","historyId":"38c11030b776a7902fe8867b5bcfab1c","fullName":"src/test/resources/Eshop/AddProductsToCart.feature:14","labels":[{"name":"tag","value":"testcase2"},{"name":"host","value":"Aya"},{"name":"thread","value":"8428@Aya.main(1)"},{"name":"feature","value":"Login and Add Products to Cart"},{"name":"story","value":"Add three products to cart"},{"name":"suite","value":"Login and Add Products to Cart"},{"name":"testClass","value":"Add three products to cart"},{"name":"framework","value":"cucumber4jvm"},{"name":"language","value":"java"},{"name":"gherkin_uri","value":"file:///C:/Users/Computer%20City/Downloads/Eshop_AutomationTask/src/test/resources/Eshop/AddProductsToCart.feature"},{"name":"package","value":"src.test.resources.Eshop.AddProductsToCart_feature.Login and Add Products to Cart"}],"links":[],"name":"Add three products to cart","status":"failed","statusDetails":{"known":false,"muted":false,"flaky":false,"message":"expected [3] but found [4]","trace":"java.lang.AssertionError: expected [3] but found [4]\r\n\tat org.testng.Assert.fail(Assert.java:111)\r\n\tat org.testng.Assert.failNotEquals(Assert.java:1578)\r\n\tat org.testng.Assert.assertEqualsImpl(Assert.java:150)\r\n\tat org.testng.Assert.assertEquals(Assert.java:132)\r\n\tat org.testng.Assert.assertEquals(Assert.java:1419)\r\n\tat org.testng.Assert.assertEquals(Assert.java:1383)\r\n\tat org.testng.Assert.assertEquals(Assert.java:1429)\r\n\tat Eshop.com.pages.Eshop.MainPage_AddProducts.CheckIfThreeItemsAddedToTheCart(MainPage_AddProducts.java:118)\r\n\tat steps.Eshop.MainPage_AddProductsToCart.userShouldSeeTheThreeProductsAddedToTheCartSuccessfully(MainPage_AddProductsToCart.java:34)\r\n\tat ✽.User should see the three products added to the cart successfully(file:///C:/Users/Computer%20City/Downloads/Eshop_AutomationTask/src/test/resources/Eshop/AddProductsToCart.feature:18)\r\n"},"stage":"finished","steps":[{"name":"Given  User is on the Main Page","status":"passed","statusDetails":{"known":false,"muted":false,"flaky":false},"stage":"finished","steps":[],"attachments":[],"parameters":[],"start":1748901661965,"stop":1748901662680},{"name":"And  User adds two products from the main page","status":"passed","statusDetails":{"known":false,"muted":false,"flaky":false},"stage":"finished","steps":[],"attachments":[],"parameters":[],"start":1748901662680,"stop":1748901672476},{"name":"And  User adds one product by searching for a specific item","status":"passed","statusDetails":{"known":false,"muted":false,"flaky":false},"stage":"finished","steps":[],"attachments":[],"parameters":[],"start":1748901672476,"stop":1748901675353},{"name":"Then  User should see the three products added to the cart successfully","status":"failed","statusDetails":{"known":false,"muted":false,"flaky":false,"message":"expected [3] but found [4]","trace":"java.lang.AssertionError: expected [3] but found [4]\r\n\tat org.testng.Assert.fail(Assert.java:111)\r\n\tat org.testng.Assert.failNotEquals(Assert.java:1578)\r\n\tat org.testng.Assert.assertEqualsImpl(Assert.java:150)\r\n\tat org.testng.Assert.assertEquals(Assert.java:132)\r\n\tat org.testng.Assert.assertEquals(Assert.java:1419)\r\n\tat org.testng.Assert.assertEquals(Assert.java:1383)\r\n\tat org.testng.Assert.assertEquals(Assert.java:1429)\r\n\tat Eshop.com.pages.Eshop.MainPage_AddProducts.CheckIfThreeItemsAddedToTheCart(MainPage_AddProducts.java:118)\r\n\tat steps.Eshop.MainPage_AddProductsToCart.userShouldSeeTheThreeProductsAddedToTheCartSuccessfully(MainPage_AddProductsToCart.java:34)\r\n\tat ✽.User should see the three products added to the cart successfully(file:///C:/Users/Computer%20City/Downloads/Eshop_AutomationTask/src/test/resources/Eshop/AddProductsToCart.feature:18)\r\n"},"stage":"finished","steps":[],"attachments":[],"parameters":[],"start":1748901675353,"stop":1748901676402}],"attachments":[],"parameters":[],"start":1748901661965,"stop":1748901676403}